Jun 23, 2016 5:21:09 PM log info
INFO: Thu Jun 23 17:21:09 EDT 2016 <<FORUM>> STARTED
Jun 23, 2016 5:21:09 PM log info
INFO: Thu Jun 23 17:21:09 EDT 2016 <<FTP>> DOWRITEFTP STARTED
Jun 23, 2016 5:21:09 PM log info
INFO: Thu Jun 23 17:21:09 EDT 2016 <<FORUM>> Started Mturk Grind
Jun 23, 2016 5:21:09 PM log info
INFO: Thu Jun 23 17:21:09 EDT 2016 <<FTP>> cleaning hits
Jun 23, 2016 5:21:09 PM log info
INFO: Thu Jun 23 17:21:09 EDT 2016 <<FTP>> Removing hits
Jun 23, 2016 5:21:09 PM log info
INFO: Thu Jun 23 17:21:09 EDT 2016 <<FTP>> Removing hits
Jun 23, 2016 5:21:09 PM log info
INFO: Thu Jun 23 17:21:09 EDT 2016 <<FTP>> Removing hits
Jun 23, 2016 5:21:09 PM log info
INFO: Thu Jun 23 17:21:09 EDT 2016 <<FTP>> Removing hits
Jun 23, 2016 5:21:09 PM log info
INFO: Thu Jun 23 17:21:09 EDT 2016 <<FTP>> Removing hits
Jun 23, 2016 5:21:09 PM log info
INFO: Thu Jun 23 17:21:09 EDT 2016 <<FTP>> Removing hits
Jun 23, 2016 5:21:09 PM log info
INFO: Thu Jun 23 17:21:09 EDT 2016 <<FTP>> Removing hits
Jun 23, 2016 5:21:09 PM log info
INFO: Thu Jun 23 17:21:09 EDT 2016 <<FTP>> Removing hits
Jun 23, 2016 5:21:09 PM log info
INFO: Thu Jun 23 17:21:09 EDT 2016 <<FTP>> Removing hits
Jun 23, 2016 5:21:09 PM log info
INFO: Thu Jun 23 17:21:09 EDT 2016 <<FTP>> Removing hits
Jun 23, 2016 5:21:09 PM log info
INFO: Thu Jun 23 17:21:09 EDT 2016 <<FTP>> Removing hits
Jun 23, 2016 5:21:09 PM log info
INFO: Thu Jun 23 17:21:09 EDT 2016 <<FTP>> Removing hits
Jun 23, 2016 5:21:09 PM log info
INFO: Thu Jun 23 17:21:09 EDT 2016 <<FTP>> Removing hits
Jun 23, 2016 5:21:10 PM log info
INFO: Thu Jun 23 17:21:10 EDT 2016 <<FTP>> Removing hits
Jun 23, 2016 5:21:10 PM log info
INFO: Thu Jun 23 17:21:10 EDT 2016 <<FTP>> Removing hits
Jun 23, 2016 5:21:10 PM log info
INFO: Thu Jun 23 17:21:10 EDT 2016 <<FTP>> Removing hits
Jun 23, 2016 5:21:10 PM log info
INFO: Thu Jun 23 17:21:10 EDT 2016 <<FTP>> Removing hits
Jun 23, 2016 5:21:10 PM log info
INFO: Thu Jun 23 17:21:10 EDT 2016 <<FTP>> Removing hits
Jun 23, 2016 5:21:10 PM log info
INFO: Thu Jun 23 17:21:10 EDT 2016 <<FTP>> Removing hits
Jun 23, 2016 5:21:10 PM log info
INFO: Thu Jun 23 17:21:10 EDT 2016 <<FTP>> Removing hits
Jun 23, 2016 5:21:10 PM log info
INFO: Thu Jun 23 17:21:10 EDT 2016 <<FTP>> Removing hits
Jun 23, 2016 5:21:10 PM log info
INFO: Thu Jun 23 17:21:10 EDT 2016 <<FTP>> Removing hits
Jun 23, 2016 5:21:10 PM log info
INFO: Thu Jun 23 17:21:10 EDT 2016 <<FTP>> Removing hits
Jun 23, 2016 5:21:10 PM log info
INFO: Thu Jun 23 17:21:10 EDT 2016 <<FTP>> Removing hits
Jun 23, 2016 5:21:10 PM log info
INFO: Thu Jun 23 17:21:10 EDT 2016 <<FTP>> Removing hits
Jun 23, 2016 5:21:10 PM log info
INFO: Thu Jun 23 17:21:10 EDT 2016 <<FTP>> Removing hits
Jun 23, 2016 5:21:10 PM log info
INFO: Thu Jun 23 17:21:10 EDT 2016 <<FTP>> Removing hits
Jun 23, 2016 5:21:10 PM log info
INFO: Thu Jun 23 17:21:10 EDT 2016 <<FTP>> Removing hits
Jun 23, 2016 5:21:10 PM log info
INFO: Thu Jun 23 17:21:10 EDT 2016 <<FTP>> Removing hits
Jun 23, 2016 5:21:10 PM log info
INFO: Thu Jun 23 17:21:10 EDT 2016 <<FTP>> Removing hits
Jun 23, 2016 5:21:10 PM log info
INFO: Thu Jun 23 17:21:10 EDT 2016 <<FTP>> DOWRITEFTP FINISHED
